2025-06-19 08:33:00 | WARN | repo=course-sys-int-systems | action=commit
2025-01-16 18:55:00 | DEBUG | repo=course-sys-int-systems | action=commit
2025-08-23 21:27:00 | WARN | repo=course-sys-int-systems | action=commit
2025-02-27 11:07:00 | DEBUG | repo=course-sys-int-systems | action=commit
2025-05-12 20:16:00 | WARN | repo=course-sys-int-systems | action=commit
2025-01-21 18:44:00 | INFO | repo=course-sys-int-systems | action=commit
2025-08-16 20:02:00 | WARN | repo=course-sys-int-systems | action=commit
2025-01-17 14:52:00 | DEBUG | repo=course-sys-int-systems | action=commit
2025-12-03 18:40:00 | WARN | repo=course-sys-int-systems | action=commit
2025-09-02 09:15:00 | INFO | repo=course-sys-int-systems | action=test | passed=true
2025-01-10 17:33:00 | WARN | repo=course-sys-int-systems | action=commit
2025-03-10 07:22:00 | INFO | repo=course-sys-int-systems | action=test | passed=true
2025-06-16 10:45:00 | WARN | repo=course-sys-int-systems | action=commit
2025-04-16 16:57:00 | WARN | repo=course-sys-int-systems | action=commit
2025-12-08 08:18:00 | DEBUG | repo=course-sys-int-systems | action=commit
2025-08-10 20:09:00 | DEBUG | repo=course-sys-int-systems | action=commit
2025-03-21 14:25:00 | WARN | repo=course-sys-int-systems | action=commit
2025-09-09 18:47:00 | WARN | repo=course-sys-int-systems | action=commit
2025-05-16 12:36:00 | INFO | repo=course-sys-int-systems | action=commit
2025-10-13 15:21:00 | INFO | repo=course-sys-int-systems | action=commit
2025-07-06 19:35:00 | DEBUG | repo=course-sys-int-systems | action=commit
2025-07-27 18:54:00 | DEBUG | repo=course-sys-int-systems | action=edit | files=4
2025-09-06 11:55:00 | DEBUG | repo=course-sys-int-systems | action=edit | files=4
2025-06-07 18:17:00 | DEBUG | repo=course-sys-int-systems | action=commit
2025-12-19 09:49:00 | DEBUG | repo=course-sys-int-systems | action=test | passed=true
2025-02-12 20:16:00 | DEBUG | repo=course-sys-int-systems | action=commit
2025-08-01 07:36:00 | DEBUG | repo=course-sys-int-systems | action=edit | files=4
2025-06-01 12:12:00 | INFO | repo=course-sys-int-systems | action=commit
2025-11-19 18:40:00 | WARN | repo=course-sys-int-systems | action=commit
2025-04-28 09:54:00 | WARN | repo=course-sys-int-systems | action=commit
